[93mWARNING [0m:   DEPRECATED FEATURE: flwr.client.start_client() is deprecated.
	Instead, use the `flower-supernode` CLI command to start a SuperNode as shown below:

		$ flower-supernode --insecure --superlink='<IP>:<PORT>'

	To view all available options, run:

		$ flower-supernode --help

	Using `start_client()` is deprecated.

            This is a deprecated feature. It will be removed
            entirely in future versions of Flower.
        
[92mINFO [0m:      
[92mINFO [0m:      Received: train message f63b3be7-35a8-40b1-a0a9-20bce59fac6e
[92mINFO [0m:      Sent reply
[92mINFO [0m:      
[92mINFO [0m:      Received: evaluate message 9f3010c9-fa04-4d9e-8803-979b37827a84
[92mINFO [0m:      Sent reply
[92mINFO [0m:      
[92mINFO [0m:      Received: train message 0c6e2356-9efe-4475-b69a-c6588ef3b826
[92mINFO [0m:      Sent reply
[92mINFO [0m:      
[92mINFO [0m:      Received: evaluate message 32f6c96c-e75e-484f-9e91-a86cf19961da
[92mINFO [0m:      Sent reply
[92mINFO [0m:      
[92mINFO [0m:      Received: train message 6d672c95-660d-4d9a-9d46-5b68d91c375a
[92mINFO [0m:      Sent reply
[92mINFO [0m:      
[92mINFO [0m:      Received: evaluate message 395215b3-06dc-411a-a836-fd88fe798d47
[92mINFO [0m:      Sent reply
[92mINFO [0m:      
[92mINFO [0m:      Received: train message 9d3c92a9-6163-40d9-914c-555d23d5e4d0
[92mINFO [0m:      Sent reply
[92mINFO [0m:      
[92mINFO [0m:      Received: evaluate message 235e95a8-6a3b-4d55-a3ff-952b9db35949
[92mINFO [0m:      Sent reply
[92mINFO [0m:      
[92mINFO [0m:      Received: train message 5accefb0-48ed-40aa-a7bb-16c5c02ef94f
[92mINFO [0m:      Sent reply
[92mINFO [0m:      
[92mINFO [0m:      Received: evaluate message 3c57952d-2100-4363-a3ec-eab5f84023bf
[92mINFO [0m:      Sent reply
[92mINFO [0m:      
[92mINFO [0m:      Received: train message 20d1f6d1-07fb-4130-8567-1fbaa05e5740
[92mINFO [0m:      Sent reply
[92mINFO [0m:      
[92mINFO [0m:      Received: evaluate message 8438ac71-a3ca-4651-ace0-eedd0d24ff66
[92mINFO [0m:      Sent reply
[92mINFO [0m:      
[92mINFO [0m:      Received: train message 8756ce44-0d73-4d3c-9929-54b9c30f0497
[92mINFO [0m:      Sent reply
[92mINFO [0m:      
[92mINFO [0m:      Received: evaluate message d9094dbc-7205-43e9-bb8d-b90a3acf2ed5
[92mINFO [0m:      Sent reply
[92mINFO [0m:      
[92mINFO [0m:      Received: train message 306a0600-bd21-42c9-9ce3-e907fb67ad37
[92mINFO [0m:      Sent reply
[92mINFO [0m:      
[92mINFO [0m:      Received: evaluate message d80fe3a9-259a-4bb5-bd25-3c7b42f93669
[92mINFO [0m:      Sent reply
[92mINFO [0m:      
[92mINFO [0m:      Received: train message 8b553028-68ab-44a9-836e-74e9325db492
[92mINFO [0m:      Sent reply
[92mINFO [0m:      
[92mINFO [0m:      Received: evaluate message d9cc9852-c707-47f0-ac29-443948f7081d
[92mINFO [0m:      Sent reply
[92mINFO [0m:      
[92mINFO [0m:      Received: train message f3758c26-02ea-4f19-9f0f-765b2e0e805e
[92mINFO [0m:      Sent reply
[92mINFO [0m:      
[92mINFO [0m:      Received: evaluate message c0d18b3e-93f7-4262-88e9-a2390bf4c14f
[92mINFO [0m:      Sent reply
[92mINFO [0m:      
[92mINFO [0m:      Received: reconnect message f2598685-f192-43a1-a234-4382f8ed8e70
[92mINFO [0m:      Disconnect and shut down
Carregando dados para o cliente 2...
Dispositivo: cpu
Dados carregados: 790 batches de treino, 194 batches de teste
Criando modelo LSTM para prever 90 passos.

==================================================
Iniciando cliente 2
Conectando ao servidor em 127.0.0.1:8080
Modelo: LSTM com 16190 parâmetros
==================================================


[Cliente 2] === Rodada 1 ===
[Cliente 2] Iniciando treinamento...
[Cliente 2] Perda de treinamento local: 0.005995
[Cliente 2] Métricas salvas em metrics\client_2\metrics_history.json
[Cliente 2] Avaliando modelo...
[Cliente 2] Métricas salvas em metrics\client_2\metrics_history.json
[Cliente 2] Perda de validação: 10.002637

[Cliente 2] === Rodada 2 ===
[Cliente 2] Iniciando treinamento...
[Cliente 2] Perda de treinamento local: 9.031767
[Cliente 2] Métricas salvas em metrics\client_2\metrics_history.json
[Cliente 2] Avaliando modelo...
[Cliente 2] Métricas salvas em metrics\client_2\metrics_history.json
[Cliente 2] Perda de validação: 1.361941

[Cliente 2] === Rodada 3 ===
[Cliente 2] Iniciando treinamento...
[Cliente 2] Perda de treinamento local: 0.753927
[Cliente 2] Métricas salvas em metrics\client_2\metrics_history.json
[Cliente 2] Avaliando modelo...
[Cliente 2] Métricas salvas em metrics\client_2\metrics_history.json
[Cliente 2] Perda de validação: 0.240407

[Cliente 2] === Rodada 4 ===
[Cliente 2] Iniciando treinamento...
[Cliente 2] Perda de treinamento local: 0.163903
[Cliente 2] Métricas salvas em metrics\client_2\metrics_history.json
[Cliente 2] Avaliando modelo...
[Cliente 2] Métricas salvas em metrics\client_2\metrics_history.json
[Cliente 2] Perda de validação: 0.388674

[Cliente 2] === Rodada 5 ===
[Cliente 2] Iniciando treinamento...
[Cliente 2] Perda de treinamento local: 0.204387
[Cliente 2] Checkpoint salvo: metrics\client_2\model_round_5.pt
[Cliente 2] Métricas salvas em metrics\client_2\metrics_history.json
[Cliente 2] Avaliando modelo...
[Cliente 2] Métricas salvas em metrics\client_2\metrics_history.json
[Cliente 2] Perda de validação: 0.032693

[Cliente 2] === Rodada 6 ===
[Cliente 2] Iniciando treinamento...
[Cliente 2] Perda de treinamento local: 0.016730
[Cliente 2] Métricas salvas em metrics\client_2\metrics_history.json
[Cliente 2] Avaliando modelo...
[Cliente 2] Métricas salvas em metrics\client_2\metrics_history.json
[Cliente 2] Perda de validação: 0.273893

[Cliente 2] === Rodada 7 ===
[Cliente 2] Iniciando treinamento...
[Cliente 2] Perda de treinamento local: 0.125370
[Cliente 2] Métricas salvas em metrics\client_2\metrics_history.json
[Cliente 2] Avaliando modelo...
[Cliente 2] Métricas salvas em metrics\client_2\metrics_history.json
[Cliente 2] Perda de validação: 0.060165

[Cliente 2] === Rodada 8 ===
[Cliente 2] Iniciando treinamento...
[Cliente 2] Perda de treinamento local: 0.032033
[Cliente 2] Métricas salvas em metrics\client_2\metrics_history.json
[Cliente 2] Avaliando modelo...
[Cliente 2] Métricas salvas em metrics\client_2\metrics_history.json
[Cliente 2] Perda de validação: 0.072853

[Cliente 2] === Rodada 9 ===
[Cliente 2] Iniciando treinamento...
[Cliente 2] Perda de treinamento local: 0.017977
[Cliente 2] Métricas salvas em metrics\client_2\metrics_history.json
[Cliente 2] Avaliando modelo...
[Cliente 2] Métricas salvas em metrics\client_2\metrics_history.json
[Cliente 2] Perda de validação: 0.029051

[Cliente 2] === Rodada 10 ===
[Cliente 2] Iniciando treinamento...
[Cliente 2] Perda de treinamento local: 0.014848
[Cliente 2] Checkpoint salvo: metrics\client_2\model_round_10.pt
[Cliente 2] Métricas salvas em metrics\client_2\metrics_history.json
[Cliente 2] Avaliando modelo...
[Cliente 2] Métricas salvas em metrics\client_2\metrics_history.json
[Cliente 2] Perda de validação: 0.017167

[Cliente 2] Finalizado. Métricas salvas em metrics\client_2
