[93mWARNING [0m:   DEPRECATED FEATURE: flwr.client.start_client() is deprecated.
	Instead, use the `flower-supernode` CLI command to start a SuperNode as shown below:

		$ flower-supernode --insecure --superlink='<IP>:<PORT>'

	To view all available options, run:

		$ flower-supernode --help

	Using `start_client()` is deprecated.

            This is a deprecated feature. It will be removed
            entirely in future versions of Flower.
        
[92mINFO [0m:      
[92mINFO [0m:      Received: train message 291d80fe-1d64-4e2a-9cc3-c07e0b31623a
[92mINFO [0m:      Sent reply
[92mINFO [0m:      
[92mINFO [0m:      Received: evaluate message c9e6f2aa-e700-4c85-a0e9-4e5367b01b52
[92mINFO [0m:      Sent reply
[92mINFO [0m:      
[92mINFO [0m:      Received: train message 8d273cce-32d4-483d-9588-a016cc012493
[92mINFO [0m:      Sent reply
[92mINFO [0m:      
[92mINFO [0m:      Received: evaluate message aba72052-b296-4f4c-99a0-21ab26af46e3
[92mINFO [0m:      Sent reply
[92mINFO [0m:      
[92mINFO [0m:      Received: train message 65d5ecd1-e554-402a-9c56-935e9c962829
[92mINFO [0m:      Sent reply
[92mINFO [0m:      
[92mINFO [0m:      Received: evaluate message 65a7d7f4-be1b-4f76-ae2e-d49e50a58219
[92mINFO [0m:      Sent reply
[92mINFO [0m:      
[92mINFO [0m:      Received: train message 28acbc3d-ed5c-496a-b85e-aa1150fd9de2
[92mINFO [0m:      Sent reply
[92mINFO [0m:      
[92mINFO [0m:      Received: evaluate message 75b4e73b-f09d-4033-a3fa-43f6f5ed702a
[92mINFO [0m:      Sent reply
[92mINFO [0m:      
[92mINFO [0m:      Received: train message f5b93afe-d985-4193-acfb-ab4536c928a4
[92mINFO [0m:      Sent reply
[92mINFO [0m:      
[92mINFO [0m:      Received: evaluate message 44d83f54-1cdf-4a6e-a9f0-b55b29a55d3b
[92mINFO [0m:      Sent reply
[92mINFO [0m:      
[92mINFO [0m:      Received: train message 8b6164bb-4371-46fd-8bd6-205790be539a
[92mINFO [0m:      Sent reply
[92mINFO [0m:      
[92mINFO [0m:      Received: evaluate message d547915d-42a7-4ce5-a6ca-54d59e933b69
[92mINFO [0m:      Sent reply
[92mINFO [0m:      
[92mINFO [0m:      Received: train message 0a210acf-de6a-4813-b415-db9d71378c74
[92mINFO [0m:      Sent reply
[92mINFO [0m:      
[92mINFO [0m:      Received: evaluate message f321a6c0-ae43-4f82-92b6-00b0955ce4a8
[92mINFO [0m:      Sent reply
[92mINFO [0m:      
[92mINFO [0m:      Received: train message a31760dc-1a27-4af3-8f4b-9e849a01d5f7
[92mINFO [0m:      Sent reply
[92mINFO [0m:      
[92mINFO [0m:      Received: evaluate message 8dea38f0-76a7-4a33-acfb-4a1286102bc1
[92mINFO [0m:      Sent reply
[92mINFO [0m:      
[92mINFO [0m:      Received: train message 48cfe5e0-b781-4130-8162-c418261ae5a6
[92mINFO [0m:      Sent reply
[92mINFO [0m:      
[92mINFO [0m:      Received: evaluate message 34a6bbdf-6692-43b6-860f-ac2e416755ea
[92mINFO [0m:      Sent reply
[92mINFO [0m:      
[92mINFO [0m:      Received: train message 80e5e17b-175c-42e0-be18-bd18436eef6c
[92mINFO [0m:      Sent reply
[92mINFO [0m:      
[92mINFO [0m:      Received: evaluate message c2151701-7139-4dd7-b2b1-802805c4da83
[92mINFO [0m:      Sent reply
[92mINFO [0m:      
[92mINFO [0m:      Received: reconnect message f4c73386-bf01-439d-8dca-e7522f1cf998
[92mINFO [0m:      Disconnect and shut down
Carregando dados para o cliente 1...
Dispositivo: cpu
Dados carregados: 623 batches de treino, 153 batches de teste
Criando modelo LSTM para prever 90 passos.

==================================================
Iniciando cliente 1
Conectando ao servidor em 127.0.0.1:8080
Modelo: LSTM com 16190 parâmetros
==================================================


[Cliente 1] === Rodada 1 ===
[Cliente 1] Iniciando treinamento...
[Cliente 1] Perda de treinamento local: 0.011821
[Cliente 1] Métricas salvas em metrics\client_1\metrics_history.json
[Cliente 1] Avaliando modelo...
[Cliente 1] Métricas salvas em metrics\client_1\metrics_history.json
[Cliente 1] Perda de validação: 9.976543

[Cliente 1] === Rodada 2 ===
[Cliente 1] Iniciando treinamento...
[Cliente 1] Perda de treinamento local: 9.190875
[Cliente 1] Métricas salvas em metrics\client_1\metrics_history.json
[Cliente 1] Avaliando modelo...
[Cliente 1] Métricas salvas em metrics\client_1\metrics_history.json
[Cliente 1] Perda de validação: 1.286495

[Cliente 1] === Rodada 3 ===
[Cliente 1] Iniciando treinamento...
[Cliente 1] Perda de treinamento local: 0.605915
[Cliente 1] Métricas salvas em metrics\client_1\metrics_history.json
[Cliente 1] Avaliando modelo...
[Cliente 1] Métricas salvas em metrics\client_1\metrics_history.json
[Cliente 1] Perda de validação: 0.279315

[Cliente 1] === Rodada 4 ===
[Cliente 1] Iniciando treinamento...
[Cliente 1] Perda de treinamento local: 0.197050
[Cliente 1] Métricas salvas em metrics\client_1\metrics_history.json
[Cliente 1] Avaliando modelo...
[Cliente 1] Métricas salvas em metrics\client_1\metrics_history.json
[Cliente 1] Perda de validação: 0.596508

[Cliente 1] === Rodada 5 ===
[Cliente 1] Iniciando treinamento...
[Cliente 1] Perda de treinamento local: 0.139895
[Cliente 1] Checkpoint salvo: metrics\client_1\model_round_5.pt
[Cliente 1] Métricas salvas em metrics\client_1\metrics_history.json
[Cliente 1] Avaliando modelo...
[Cliente 1] Métricas salvas em metrics\client_1\metrics_history.json
[Cliente 1] Perda de validação: 0.038253

[Cliente 1] === Rodada 6 ===
[Cliente 1] Iniciando treinamento...
[Cliente 1] Perda de treinamento local: 0.020903
[Cliente 1] Métricas salvas em metrics\client_1\metrics_history.json
[Cliente 1] Avaliando modelo...
[Cliente 1] Métricas salvas em metrics\client_1\metrics_history.json
[Cliente 1] Perda de validação: 0.267797

[Cliente 1] === Rodada 7 ===
[Cliente 1] Iniciando treinamento...
[Cliente 1] Perda de treinamento local: 0.147180
[Cliente 1] Métricas salvas em metrics\client_1\metrics_history.json
[Cliente 1] Avaliando modelo...
[Cliente 1] Métricas salvas em metrics\client_1\metrics_history.json
[Cliente 1] Perda de validação: 0.058362

[Cliente 1] === Rodada 8 ===
[Cliente 1] Iniciando treinamento...
[Cliente 1] Perda de treinamento local: 0.036225
[Cliente 1] Métricas salvas em metrics\client_1\metrics_history.json
[Cliente 1] Avaliando modelo...
[Cliente 1] Métricas salvas em metrics\client_1\metrics_history.json
[Cliente 1] Perda de validação: 0.081573

[Cliente 1] === Rodada 9 ===
[Cliente 1] Iniciando treinamento...
[Cliente 1] Perda de treinamento local: 0.021779
[Cliente 1] Métricas salvas em metrics\client_1\metrics_history.json
[Cliente 1] Avaliando modelo...
[Cliente 1] Métricas salvas em metrics\client_1\metrics_history.json
[Cliente 1] Perda de validação: 0.029207

[Cliente 1] === Rodada 10 ===
[Cliente 1] Iniciando treinamento...
[Cliente 1] Perda de treinamento local: 0.014076
[Cliente 1] Checkpoint salvo: metrics\client_1\model_round_10.pt
[Cliente 1] Métricas salvas em metrics\client_1\metrics_history.json
[Cliente 1] Avaliando modelo...
[Cliente 1] Métricas salvas em metrics\client_1\metrics_history.json
[Cliente 1] Perda de validação: 0.024229

[Cliente 1] Finalizado. Métricas salvas em metrics\client_1
